execve("./hello", ["./hello"], 0x7fffe317ee58 /* 21 vars */) = 0 <0.001390>
brk(NULL)                               = 0x5608e0d70000 <0.000077>
access("/etc/ld.so.nohwcap", F_OK)      = -1 ENOENT (No such file or directory) <0.000079>
access("/etc/ld.so.preload", R_OK)      = -1 ENOENT (No such file or directory) <0.000068>
openat(AT_FDCWD, "/etc/ld.so.cache", O_RDONLY|O_CLOEXEC) = 3 <0.000076>
fstat(3, {st_mode=S_IFREG|0644, st_size=15276, ...}) = 0 <0.000071>
mmap(NULL, 15276, PROT_READ, MAP_PRIVATE, 3, 0) = 0x7f8d2f275000 <0.000085>
close(3)                                = 0 <0.000068>
access("/etc/ld.so.nohwcap", F_OK)      = -1 ENOENT (No such file or directory) <0.000074>
openat(AT_FDCWD, "/lib/x86_64-linux-gnu/libc.so.6", O_RDONLY|O_CLOEXEC) = 3 <0.000095>
read(3, "\177ELF\2\1\1\3\0\0\0\0\0\0\0\0\3\0>\0\1\0\0\0\260\34\2\0\0\0\0\0"..., 832) = 832 <0.000097>
fstat(3, {st_mode=S_IFREG|0755, st_size=2030544, ...}) = 0 <0.000120>
mmap(NULL, 8192, PROT_READ|PROT_WRITE, MAP_PRIVATE|MAP_ANONYMOUS, -1, 0) = 0x7f8d2f273000 <0.000129>
mmap(NULL, 4131552, PROT_READ|PROT_EXEC, MAP_PRIVATE|MAP_DENYWRITE, 3, 0) = 0x7f8d2ec61000 <0.000084>
mprotect(0x7f8d2ee48000, 2097152, PROT_NONE) = 0 <0.000107>
mmap(0x7f8d2f048000, 24576, PROT_READ|PROT_WRITE, MAP_PRIVATE|MAP_FIXED|MAP_DENYWRITE, 3, 0x1e7000) = 0x7f8d2f048000 <0.000085>
mmap(0x7f8d2f04e000, 15072, PROT_READ|PROT_WRITE, MAP_PRIVATE|MAP_FIXED|MAP_ANONYMOUS, -1, 0) = 0x7f8d2f04e000 <0.000078>
close(3)                                = 0 <0.000075>
arch_prctl(ARCH_SET_FS, 0x7f8d2f2744c0) = 0 <0.000079>
mprotect(0x7f8d2f048000, 16384, PROT_READ) = 0 <0.000081>
mprotect(0x5608e07c8000, 4096, PROT_READ) = 0 <0.000074>
mprotect(0x7f8d2f279000, 4096, PROT_READ) = 0 <0.000076>
munmap(0x7f8d2f275000, 15276)           = 0 <0.000077>
fstat(1, {st_mode=S_IFCHR|0620, st_rdev=makedev(136, 0), ...}) = 0 <0.000073>
brk(NULL)                               = 0x5608e0d70000 <0.000072>
brk(0x5608e0d91000)                     = 0x5608e0d91000 <0.000068>
write(1, "hello world!!!\n", 15)        = 15 <0.000082>
exit_group(0)                           = ?
+++ exited with 0 +++
